2019-02-12 01:56:55,708 - lib.logger - ERROR - Error retrieving data for MMM from http://www.alphavantage.co/query?function=TIME_SERIES_DAILY_ADJUSTED&symbol=MMM&apikey=IC9AJUZ2HFK2D73K&datatype=csv
2019-02-12 01:56:55,708 - lib.logger - ERROR - argument should be integer or bytes-like object, not 'str'
Traceback (most recent call last):
  File ".\download.py", line 47, in get_quotes
    if csv_data.find("Error Message") == -1:
TypeError: argument should be integer or bytes-like object, not 'str'
2019-02-12 01:56:56,096 - lib.logger - ERROR - Error retrieving data for AOS from http://www.alphavantage.co/query?function=TIME_SERIES_DAILY_ADJUSTED&symbol=AOS&apikey=IC9AJUZ2HFK2D73K&datatype=csv
2019-02-12 01:56:56,099 - lib.logger - ERROR - argument should be integer or bytes-like object, not 'str'
Traceback (most recent call last):
  File ".\download.py", line 47, in get_quotes
    if csv_data.find("Error Message") == -1:
TypeError: argument should be integer or bytes-like object, not 'str'
2019-02-12 01:56:56,477 - lib.logger - ERROR - Error retrieving data for ABT from http://www.alphavantage.co/query?function=TIME_SERIES_DAILY_ADJUSTED&symbol=ABT&apikey=IC9AJUZ2HFK2D73K&datatype=csv
2019-02-12 01:56:56,477 - lib.logger - ERROR - argument should be integer or bytes-like object, not 'str'
Traceback (most recent call last):
  File ".\download.py", line 47, in get_quotes
    if csv_data.find("Error Message") == -1:
TypeError: argument should be integer or bytes-like object, not 'str'
2019-02-12 01:56:56,856 - lib.logger - ERROR - Error retrieving data for ABBV from http://www.alphavantage.co/query?function=TIME_SERIES_DAILY_ADJUSTED&symbol=ABBV&apikey=IC9AJUZ2HFK2D73K&datatype=csv
2019-02-12 01:56:56,856 - lib.logger - ERROR - argument should be integer or bytes-like object, not 'str'
Traceback (most recent call last):
  File ".\download.py", line 47, in get_quotes
    if csv_data.find("Error Message") == -1:
TypeError: argument should be integer or bytes-like object, not 'str'
2019-02-12 01:58:14,234 - lib.logger - DEBUG - b'{\n    "Note": "Thank you for using Alpha Vantage! Our standard API call frequency is 5 calls per minute and 500 calls per day. Please visit https://www.alphavantage.co/premium/ if you would like to target a higher API call frequency."\n}'
2019-02-12 01:59:31,158 - lib.logger - DEBUG - b'{\n    "Note": "Thank you for using Alpha Vantage! Our standard API call frequency is 5 calls per minute and 500 calls per day. Please visit https://www.alphavantage.co/premium/ if you would like to target a higher API call frequency."\n}'
2019-02-12 02:11:10,279 - lib.logger - INFO - Starting
2019-02-12 02:11:10,283 - lib.logger - INFO - Loaded 500 symbols
2019-02-12 02:11:10,424 - lib.logger - INFO - Finished MMM
2019-02-12 02:11:10,574 - lib.logger - INFO - Finished AOS
2019-02-12 02:11:10,702 - lib.logger - INFO - Finished ABT
2019-02-12 02:11:10,845 - lib.logger - INFO - Finished ABBV
2019-02-12 02:11:10,987 - lib.logger - INFO - Finished ACN
2019-02-12 02:11:11,131 - lib.logger - INFO - Finished ATVI
2019-02-12 02:11:11,282 - lib.logger - INFO - Finished AYI
2019-02-12 02:11:11,423 - lib.logger - INFO - Finished ADBE
2019-02-12 02:11:11,574 - lib.logger - INFO - Finished AAP
2019-02-12 02:11:11,718 - lib.logger - INFO - Finished AMD
2019-02-12 02:11:11,855 - lib.logger - INFO - Finished AES
2019-02-12 02:11:11,998 - lib.logger - INFO - Finished AET
2019-02-12 02:11:12,202 - lib.logger - INFO - Finished AMG
2019-02-12 02:11:12,342 - lib.logger - INFO - Finished AFL
2019-02-12 02:11:12,481 - lib.logger - INFO - Finished A
2019-02-12 02:11:12,626 - lib.logger - INFO - Finished APD
2019-02-12 02:11:12,760 - lib.logger - INFO - Finished AKAM
2019-02-12 02:11:12,903 - lib.logger - INFO - Finished ALK
2019-02-12 02:11:13,051 - lib.logger - INFO - Finished ALB
2019-02-12 02:11:13,242 - lib.logger - INFO - Finished ARE
2019-02-12 02:11:13,386 - lib.logger - INFO - Finished ALXN
2019-02-12 02:11:13,535 - lib.logger - INFO - Finished ALGN
2019-02-12 02:11:13,678 - lib.logger - INFO - Finished ALLE
2019-02-12 02:11:13,822 - lib.logger - INFO - Finished AGN
2019-02-12 02:11:13,958 - lib.logger - INFO - Finished ADS
2019-02-12 02:11:14,102 - lib.logger - INFO - Finished LNT
2019-02-12 02:11:14,254 - lib.logger - INFO - Finished ALL
2019-02-12 02:11:30,455 - lib.logger - INFO - Starting
2019-02-12 02:11:30,455 - lib.logger - INFO - Loaded 500 symbols
2019-02-12 02:11:43,825 - lib.logger - INFO - Starting
2019-02-12 02:11:43,825 - lib.logger - INFO - Loaded 500 symbols
2019-02-12 02:11:55,394 - lib.logger - ERROR - Error processing BF.B in ../data/BF.B_price_data.csv.
2019-02-12 02:11:55,394 - lib.logger - ERROR - 'timestamp' is not in list
Traceback (most recent call last):
  File ".\enrich.py", line 40, in <module>
    df = pd.read_csv(in_file, parse_dates=["timestamp"])
  File "C:\Users\tdale\AppData\Local\Programs\Python\Python37-32\lib\site-packages\pandas\io\parsers.py", line 678, in parser_f
    return _read(filepath_or_buffer, kwds)
  File "C:\Users\tdale\AppData\Local\Programs\Python\Python37-32\lib\site-packages\pandas\io\parsers.py", line 440, in _read
    parser = TextFileReader(filepath_or_buffer, **kwds)
  File "C:\Users\tdale\AppData\Local\Programs\Python\Python37-32\lib\site-packages\pandas\io\parsers.py", line 787, in __init__
    self._make_engine(self.engine)
  File "C:\Users\tdale\AppData\Local\Programs\Python\Python37-32\lib\site-packages\pandas\io\parsers.py", line 1014, in _make_engine
    self._engine = CParserWrapper(self.f, **self.options)
  File "C:\Users\tdale\AppData\Local\Programs\Python\Python37-32\lib\site-packages\pandas\io\parsers.py", line 1758, in __init__
    self._set_noconvert_columns()
  File "C:\Users\tdale\AppData\Local\Programs\Python\Python37-32\lib\site-packages\pandas\io\parsers.py", line 1826, in _set_noconvert_columns
    _set(val)
  File "C:\Users\tdale\AppData\Local\Programs\Python\Python37-32\lib\site-packages\pandas\io\parsers.py", line 1816, in _set
    x = names.index(x)
ValueError: 'timestamp' is not in list
2019-02-12 02:12:30,890 - lib.logger - ERROR - Error processing NFLX in ../data/NFLX_price_data.csv.
2019-02-12 02:12:30,890 - lib.logger - ERROR - 'timestamp' is not in list
Traceback (most recent call last):
  File ".\enrich.py", line 40, in <module>
    df = pd.read_csv(in_file, parse_dates=["timestamp"])
  File "C:\Users\tdale\AppData\Local\Programs\Python\Python37-32\lib\site-packages\pandas\io\parsers.py", line 678, in parser_f
    return _read(filepath_or_buffer, kwds)
  File "C:\Users\tdale\AppData\Local\Programs\Python\Python37-32\lib\site-packages\pandas\io\parsers.py", line 440, in _read
    parser = TextFileReader(filepath_or_buffer, **kwds)
  File "C:\Users\tdale\AppData\Local\Programs\Python\Python37-32\lib\site-packages\pandas\io\parsers.py", line 787, in __init__
    self._make_engine(self.engine)
  File "C:\Users\tdale\AppData\Local\Programs\Python\Python37-32\lib\site-packages\pandas\io\parsers.py", line 1014, in _make_engine
    self._engine = CParserWrapper(self.f, **self.options)
  File "C:\Users\tdale\AppData\Local\Programs\Python\Python37-32\lib\site-packages\pandas\io\parsers.py", line 1758, in __init__
    self._set_noconvert_columns()
  File "C:\Users\tdale\AppData\Local\Programs\Python\Python37-32\lib\site-packages\pandas\io\parsers.py", line 1826, in _set_noconvert_columns
    _set(val)
  File "C:\Users\tdale\AppData\Local\Programs\Python\Python37-32\lib\site-packages\pandas\io\parsers.py", line 1816, in _set
    x = names.index(x)
ValueError: 'timestamp' is not in list
